[1.703s] Invoking command in '/home/mauricio/Desktop/egn_final_proj/src/my_package': PYTHONPATH=/home/mauricio/Desktop/egn_final_proj/install/my_package/lib/python3.8/site-packages:${PYTHONPATH} /usr/bin/python3 setup.py egg_info --egg-base ../../build/my_package build --build-base /home/mauricio/Desktop/egn_final_proj/build/my_package/build install --prefix /home/mauricio/Desktop/egn_final_proj/install/my_package --record /home/mauricio/Desktop/egn_final_proj/build/my_package/install.log --single-version-externally-managed
[2.173s] /usr/local/lib/python3.8/dist-packages/setuptools/dist.py:731: UserWarning: Usage of dash-separated 'script-dir' will not be supported in future versions. Please use the underscore name 'script_dir' instead
[2.174s]   warnings.warn(
[2.174s] /usr/local/lib/python3.8/dist-packages/setuptools/dist.py:731: UserWarning: Usage of dash-separated 'install-scripts' will not be supported in future versions. Please use the underscore name 'install_scripts' instead
[2.174s]   warnings.warn(
[2.253s] running egg_info
[2.255s] writing ../../build/my_package/my_package.egg-info/PKG-INFO
[2.256s] writing dependency_links to ../../build/my_package/my_package.egg-info/dependency_links.txt
[2.256s] writing entry points to ../../build/my_package/my_package.egg-info/entry_points.txt
[2.259s] writing requirements to ../../build/my_package/my_package.egg-info/requires.txt
[2.260s] writing top-level names to ../../build/my_package/my_package.egg-info/top_level.txt
[2.283s] reading manifest file '../../build/my_package/my_package.egg-info/SOURCES.txt'
[2.285s] running build
[2.286s] running build_py
[2.288s] running install
[2.289s] /usr/local/lib/python3.8/dist-packages/setuptools/command/install.py:34: SetuptoolsDeprecationWarning: setup.py install is deprecated. Use build and pip and other standards-based tools.
[2.290s]   warnings.warn(
[2.302s] running install_lib
[2.304s] copying /home/mauricio/Desktop/egn_final_proj/build/my_package/build/lib/my_package/webcam_sub.py -> /home/mauricio/Desktop/egn_final_proj/install/my_package/lib/python3.8/site-packages/my_package
[2.304s] copying /home/mauricio/Desktop/egn_final_proj/build/my_package/build/lib/my_package/__init__.py -> /home/mauricio/Desktop/egn_final_proj/install/my_package/lib/python3.8/site-packages/my_package
[2.305s] copying /home/mauricio/Desktop/egn_final_proj/build/my_package/build/lib/my_package/webcam_pub.py -> /home/mauricio/Desktop/egn_final_proj/install/my_package/lib/python3.8/site-packages/my_package
[2.308s] running install_data
[2.309s] running install_egg_info
[2.316s] running install_scripts
[2.371s] Installing img_publisher script to /home/mauricio/Desktop/egn_final_proj/install/my_package/lib/my_package
[2.373s] Installing img_subscriber script to /home/mauricio/Desktop/egn_final_proj/install/my_package/lib/my_package
[2.444s] Invoked command in '/home/mauricio/Desktop/egn_final_proj/src/my_package' returned '0': PYTHONPATH=/home/mauricio/Desktop/egn_final_proj/install/my_package/lib/python3.8/site-packages:${PYTHONPATH} /usr/bin/python3 setup.py egg_info --egg-base ../../build/my_package build --build-base /home/mauricio/Desktop/egn_final_proj/build/my_package/build install --prefix /home/mauricio/Desktop/egn_final_proj/install/my_package --record /home/mauricio/Desktop/egn_final_proj/build/my_package/install.log --single-version-externally-managed
