[2.954s] Invoking command in '/home/mauricio/Desktop/egn_final_proj/src/my_package': PYTHONPATH=/home/mauricio/Desktop/egn_final_proj/install/my_package/lib/python3.8/site-packages:${PYTHONPATH} /usr/bin/python3 setup.py egg_info --egg-base ../../build/my_package build --build-base /home/mauricio/Desktop/egn_final_proj/build/my_package/build install --prefix /home/mauricio/Desktop/egn_final_proj/install/my_package --record /home/mauricio/Desktop/egn_final_proj/build/my_package/install.log --single-version-externally-managed
[3.953s] /usr/local/lib/python3.8/dist-packages/setuptools/dist.py:731: UserWarning: Usage of dash-separated 'script-dir' will not be supported in future versions. Please use the underscore name 'script_dir' instead
[3.954s]   warnings.warn(
[3.957s] /usr/local/lib/python3.8/dist-packages/setuptools/dist.py:731: UserWarning: Usage of dash-separated 'install-scripts' will not be supported in future versions. Please use the underscore name 'install_scripts' instead
[3.957s]   warnings.warn(
[4.078s] running egg_info
[4.081s] writing ../../build/my_package/my_package.egg-info/PKG-INFO
[4.085s] writing dependency_links to ../../build/my_package/my_package.egg-info/dependency_links.txt
[4.088s] writing entry points to ../../build/my_package/my_package.egg-info/entry_points.txt
[4.089s] writing requirements to ../../build/my_package/my_package.egg-info/requires.txt
[4.090s] writing top-level names to ../../build/my_package/my_package.egg-info/top_level.txt
[4.103s] reading manifest file '../../build/my_package/my_package.egg-info/SOURCES.txt'
[4.108s] running build
[4.111s] running build_py
[4.130s] running install
[4.133s] /usr/local/lib/python3.8/dist-packages/setuptools/command/install.py:34: SetuptoolsDeprecationWarning: setup.py install is deprecated. Use build and pip and other standards-based tools.
[4.134s]   warnings.warn(
[4.154s] running install_lib
[4.158s] copying /home/mauricio/Desktop/egn_final_proj/build/my_package/build/lib/my_package/webcam_sub.py -> /home/mauricio/Desktop/egn_final_proj/install/my_package/lib/python3.8/site-packages/my_package
[4.160s] copying /home/mauricio/Desktop/egn_final_proj/build/my_package/build/lib/my_package/webcam_pub.py -> /home/mauricio/Desktop/egn_final_proj/install/my_package/lib/python3.8/site-packages/my_package
[4.170s] running install_data
[4.173s] running install_egg_info
[4.186s] running install_scripts
[4.242s] Installing img_publisher script to /home/mauricio/Desktop/egn_final_proj/install/my_package/lib/my_package
[4.244s] Installing img_subscriber script to /home/mauricio/Desktop/egn_final_proj/install/my_package/lib/my_package
[4.403s] Invoked command in '/home/mauricio/Desktop/egn_final_proj/src/my_package' returned '0': PYTHONPATH=/home/mauricio/Desktop/egn_final_proj/install/my_package/lib/python3.8/site-packages:${PYTHONPATH} /usr/bin/python3 setup.py egg_info --egg-base ../../build/my_package build --build-base /home/mauricio/Desktop/egn_final_proj/build/my_package/build install --prefix /home/mauricio/Desktop/egn_final_proj/install/my_package --record /home/mauricio/Desktop/egn_final_proj/build/my_package/install.log --single-version-externally-managed
