[1.269s] Invoking command in '/home/mauricio/Desktop/egn_final_proj/src/my_package': PYTHONPATH=/home/mauricio/Desktop/egn_final_proj/install/my_package/lib/python3.8/site-packages:${PYTHONPATH} /usr/bin/python3 setup.py egg_info --egg-base ../../build/my_package build --build-base /home/mauricio/Desktop/egn_final_proj/build/my_package/build install --prefix /home/mauricio/Desktop/egn_final_proj/install/my_package --record /home/mauricio/Desktop/egn_final_proj/build/my_package/install.log --single-version-externally-managed
[1.663s] /usr/local/lib/python3.8/dist-packages/setuptools/dist.py:731: UserWarning: Usage of dash-separated 'script-dir' will not be supported in future versions. Please use the underscore name 'script_dir' instead
[1.663s]   warnings.warn(
[1.664s] /usr/local/lib/python3.8/dist-packages/setuptools/dist.py:731: UserWarning: Usage of dash-separated 'install-scripts' will not be supported in future versions. Please use the underscore name 'install_scripts' instead
[1.664s]   warnings.warn(
[1.735s] running egg_info
[1.746s] writing ../../build/my_package/my_package.egg-info/PKG-INFO
[1.747s] writing dependency_links to ../../build/my_package/my_package.egg-info/dependency_links.txt
[1.747s] writing entry points to ../../build/my_package/my_package.egg-info/entry_points.txt
[1.747s] writing requirements to ../../build/my_package/my_package.egg-info/requires.txt
[1.748s] writing top-level names to ../../build/my_package/my_package.egg-info/top_level.txt
[1.748s] reading manifest file '../../build/my_package/my_package.egg-info/SOURCES.txt'
[1.752s] running build
[1.752s] running build_py
[1.753s] running install
[1.754s] /usr/local/lib/python3.8/dist-packages/setuptools/command/install.py:34: SetuptoolsDeprecationWarning: setup.py install is deprecated. Use build and pip and other standards-based tools.
[1.754s]   warnings.warn(
[1.766s] running install_lib
[1.769s] running install_data
[1.770s] running install_egg_info
[1.776s] running install_scripts
[1.813s] Installing img_publisher script to /home/mauricio/Desktop/egn_final_proj/install/my_package/lib/my_package
[1.814s] Installing img_subscriber script to /home/mauricio/Desktop/egn_final_proj/install/my_package/lib/my_package
[1.879s] Invoked command in '/home/mauricio/Desktop/egn_final_proj/src/my_package' returned '0': PYTHONPATH=/home/mauricio/Desktop/egn_final_proj/install/my_package/lib/python3.8/site-packages:${PYTHONPATH} /usr/bin/python3 setup.py egg_info --egg-base ../../build/my_package build --build-base /home/mauricio/Desktop/egn_final_proj/build/my_package/build install --prefix /home/mauricio/Desktop/egn_final_proj/install/my_package --record /home/mauricio/Desktop/egn_final_proj/build/my_package/install.log --single-version-externally-managed
